<?xml version="1.0" encoding="UTF-8"?>
<!-- Generated by org.testng.reporters.JUnitReportReporter -->
<testsuite skipped="0" hostname="ip-172-31-16-144" name="testcases.LoginTest" tests="4" failures="0" timestamp="23 Apr 2023 05:13:33 GMT" time="19.735" errors="0">
  <testcase name="test3" time="4.881" classname="testcases.LoginTest"/>
  <testcase name="test2" time="5.234" classname="testcases.LoginTest"/>
  <testcase name="test1" time="4.307" classname="testcases.LoginTest"/>
  <testcase name="test4" time="5.313" classname="testcases.LoginTest"/>
</testsuite> <!-- testcases.LoginTest -->
