<?xml version="1.0" encoding="UTF-8"?>
<!-- Generated by org.testng.reporters.JUnitReportReporter -->
<testsuite skipped="0" hostname="ip-172-31-16-144" name="testcases.HomePageTest" tests="1" failures="0" timestamp="22 Apr 2023 06:09:09 GMT" time="2.974" errors="0">
  <testcase name="test4" time="2.974" classname="testcases.HomePageTest"/>
</testsuite> <!-- testcases.HomePageTest -->
