<?xml version="1.0" encoding="UTF-8"?>
<!-- Generated by org.testng.reporters.JUnitReportReporter -->
<testsuite skipped="0" hostname="ip-172-31-16-144" name="testcases.LoginTest" tests="4" failures="0" timestamp="29 Apr 2023 06:48:42 GMT" time="18.944" errors="0">
  <testcase name="test3" time="4.748" classname="testcases.LoginTest"/>
  <testcase name="test1" time="5.453" classname="testcases.LoginTest"/>
  <testcase name="test2" time="4.021" classname="testcases.LoginTest"/>
  <testcase name="test4" time="4.722" classname="testcases.LoginTest"/>
</testsuite> <!-- testcases.LoginTest -->
