<?xml version="1.0" encoding="UTF-8"?>
<!-- Generated by org.testng.reporters.JUnitReportReporter -->
<testsuite skipped="0" hostname="ip-172-31-16-144" name="testcases.HomePageTest" tests="1" failures="0" timestamp="30 Apr 2023 07:02:21 GMT" time="2.594" errors="0">
  <testcase name="test4" time="2.594" classname="testcases.HomePageTest"/>
</testsuite> <!-- testcases.HomePageTest -->
